0 info it worked if it ends with ok
1 verbose cli [
1 verbose cli   'C:\\Program Files\\nodejs\\node.exe',
1 verbose cli   'C:\\Users\\Gareth\\AppData\\Roaming\\npm\\node_modules\\npm\\bin\\npm-cli.js',
1 verbose cli   'start'
1 verbose cli ]
2 info using npm@3.10.10
3 info using node@v12.16.3
4 verbose run-script [ 'prestart', 'start', 'poststart' ]
5 info lifecycle express-session-bug@1.0.0~prestart: express-session-bug@1.0.0
6 silly lifecycle express-session-bug@1.0.0~prestart: no script for prestart, continuing
7 info lifecycle express-session-bug@1.0.0~start: express-session-bug@1.0.0
8 verbose lifecycle express-session-bug@1.0.0~start: unsafe-perm in lifecycle true
9 verbose lifecycle express-session-bug@1.0.0~start: PATH: C:\Users\Gareth\AppData\Roaming\npm\node_modules\npm\bin\node-gyp-bin;C:\Users\Gareth\Desktop\express-session-bug\node_modules\.bin;C:\Users\Gareth\bin;C:\Program Files\Git\mingw64\bin;C:\Program Files\Git\usr\local\bin;C:\Program Files\Git\usr\bin;C:\Program Files\Git\usr\bin;C:\Program Files\Git\mingw64\bin;C:\Program Files\Git\usr\bin;C:\Users\Gareth\bin;C:\Program Files\Microsoft MPI\Bin;C:\Program Files (x86)\iis express\PHP\v7.1;C:\Windows\system32;C:\Windows;C:\Windows\System32\Wbem;C:\Windows\System32\WindowsPowerShell\v1.0;C:\Program Files\dotnet;C:\Program Files\Microsoft SQL Server\130\Tools\Binn;C:\Program Files\TortoiseHg;C:\WINDOWS\system32;C:\WINDOWS;C:\WINDOWS\System32\Wbem;C:\WINDOWS\System32\WindowsPowerShell\v1.0;C:\WINDOWS\System32\OpenSSH;C:\Program Files\Microsoft SQL Server\Client SDK\ODBC\130\Tools\Binn;C:\Program Files (x86)\Microsoft SQL Server\130\Tools\Binn;C:\Program Files\Microsoft SQL Server\130\DTS\Binn;C:\Program Files (x86)\Microsoft SQL Server\150\DTS\Binn;C:\Program Files\Git\cmd;C:\Program Files\nodejs;C:\Program Files\MySQL\MySQL Shell 8.0\bin;C:\Users\Gareth\AppData\Local\Microsoft\WindowsApps;C:\Users\Gareth\AppData\Local\Programs\Microsoft VS Code\bin;C:\Users\Gareth\AppData\Roaming\npm;C:\Program Files\Git\usr\bin\vendor_perl;C:\Program Files\Git\usr\bin\core_perl
10 verbose lifecycle express-session-bug@1.0.0~start: CWD: C:\Users\Gareth\Desktop\express-session-bug
11 silly lifecycle express-session-bug@1.0.0~start: Args: [ '/d /s /c', 'node index.js' ]
12 silly lifecycle express-session-bug@1.0.0~start: Returned: code: 1  signal: null
13 info lifecycle express-session-bug@1.0.0~start: Failed to exec start script
14 verbose stack Error: express-session-bug@1.0.0 start: `node index.js`
14 verbose stack Exit status 1
14 verbose stack     at EventEmitter.<anonymous> (C:\Users\Gareth\AppData\Roaming\npm\node_modules\npm\lib\utils\lifecycle.js:255:16)
14 verbose stack     at EventEmitter.emit (events.js:310:20)
14 verbose stack     at ChildProcess.<anonymous> (C:\Users\Gareth\AppData\Roaming\npm\node_modules\npm\lib\utils\spawn.js:40:14)
14 verbose stack     at ChildProcess.emit (events.js:310:20)
14 verbose stack     at maybeClose (internal/child_process.js:1021:16)
14 verbose stack     at Process.ChildProcess._handle.onexit (internal/child_process.js:286:5)
15 verbose pkgid express-session-bug@1.0.0
16 verbose cwd C:\Users\Gareth\Desktop\express-session-bug
17 error Windows_NT 10.0.18362
18 error argv "C:\\Program Files\\nodejs\\node.exe" "C:\\Users\\Gareth\\AppData\\Roaming\\npm\\node_modules\\npm\\bin\\npm-cli.js" "start"
19 error node v12.16.3
20 error npm  v3.10.10
21 error code ELIFECYCLE
22 error express-session-bug@1.0.0 start: `node index.js`
22 error Exit status 1
23 error Failed at the express-session-bug@1.0.0 start script 'node index.js'.
23 error Make sure you have the latest version of node.js and npm installed.
23 error If you do, this is most likely a problem with the express-session-bug package,
23 error not with npm itself.
23 error Tell the author that this fails on your system:
23 error     node index.js
23 error You can get information on how to open an issue for this project with:
23 error     npm bugs express-session-bug
23 error Or if that isn't available, you can get their info via:
23 error     npm owner ls express-session-bug
23 error There is likely additional logging output above.
24 verbose exit [ 1, true ]
